{
  "RSpec": {
    "coverage": {
      "/Users/rahimitra/Downloads/studytransit/app/helpers/application_helper.rb": {
        "lines": [
          1,
          null
        ],
        "branches": {}
      },
      "/Users/rahimitra/Downloads/studytransit/app/helpers/libraries_helper.rb": {
        "lines": [
          1,
          null
        ],
        "branches": {}
      },
      "/Users/rahimitra/Downloads/studytransit/app/helpers/spaces_helper.rb": {
        "lines": [
          1,
          null
        ],
        "branches": {}
      },
      "/Users/rahimitra/Downloads/studytransit/app/models/library.rb": {
        "lines": [
          1,
          1,
          1,
          1,
          null
        ],
        "branches": {}
      },
      "/Users/rahimitra/Downloads/studytransit/app/models/application_record.rb": {
        "lines": [
          1,
          1,
          null
        ],
        "branches": {}
      },
      "/Users/rahimitra/Downloads/studytransit/app/models/rating.rb": {
        "lines": [
          1,
          1,
          1,
          null
        ],
        "branches": {}
      },
      "/Users/rahimitra/Downloads/studytransit/app/models/space.rb": {
        "lines": [
          1,
          1,
          1,
          1,
          1,
          null,
          76,
          1,
          null,
          null,
          null,
          null,
          null,
          null,
          null,
          null,
          null,
          null,
          1,
          28,
          28,
          null,
          28,
          null,
          null,
          null,
          9,
          null,
          null,
          null,
          null,
          null,
          null,
          null,
          null,
          null,
          1,
          19,
          19,
          null,
          19,
          null,
          null,
          null,
          null,
          null,
          19,
          null,
          10,
          null,
          null,
          null,
          null,
          null,
          null,
          null,
          1,
          19,
          19,
          null,
          null,
          19,
          null,
          null,
          7,
          null,
          null,
          null,
          null,
          null,
          null,
          1,
          3,
          null,
          null,
          null,
          null,
          null,
          null,
          1,
          13,
          13,
          null,
          null,
          1,
          null,
          1,
          35,
          null,
          null,
          1,
          6,
          5,
          null,
          null,
          null
        ],
        "branches": {
          "[:\"&.\", 0, 23, 11, 23, 51]": {
            "[:then, 1, 23, 11, 23, 51]": 19,
            "[:else, 2, 23, 11, 23, 51]": 0
          },
          "[:unless, 3, 23, 4, 23, 80]": {
            "[:else, 4, 23, 4, 23, 80]": 9,
            "[:then, 5, 23, 4, 23, 51]": 19
          },
          "[:if, 6, 47, 4, 47, 42]": {
            "[:then, 7, 47, 4, 47, 14]": 9,
            "[:else, 8, 47, 4, 47, 42]": 10
          },
          "[:\"&.\", 9, 49, 4, 49, 47]": {
            "[:then, 10, 49, 4, 49, 47]": 10,
            "[:else, 11, 49, 4, 49, 47]": 0
          },
          "[:unless, 12, 62, 4, 62, 50]": {
            "[:else, 13, 62, 4, 62, 50]": 7,
            "[:then, 14, 62, 4, 62, 16]": 12
          },
          "[:\"&.\", 15, 73, 4, 73, 54]": {
            "[:then, 16, 73, 4, 73, 54]": 1,
            "[:else, 17, 73, 4, 73, 54]": 2
          },
          "[:\"&.\", 18, 82, 4, 82, 93]": {
            "[:then, 19, 82, 4, 82, 93]": 11,
            "[:else, 20, 82, 4, 82, 93]": 2
          },
          "[:if, 21, 88, 4, 88, 56]": {
            "[:then, 22, 88, 4, 88, 35]": 35,
            "[:else, 23, 88, 4, 88, 56]": 0
          },
          "[:if, 24, 92, 4, 94, 7]": {
            "[:then, 25, 93, 6, 93, 37]": 5,
            "[:else, 26, 92, 4, 94, 7]": 1
          }
        }
      },
      "/Users/rahimitra/Downloads/studytransit/app/controllers/libraries_controller.rb": {
        "lines": [
          1,
          1,
          null,
          null,
          1,
          2,
          null,
          null,
          null,
          1,
          2,
          null,
          null,
          null,
          1,
          1,
          null,
          null,
          null,
          1,
          null,
          null,
          null,
          1,
          4,
          null,
          4,
          4,
          4,
          2,
          null,
          4,
          2,
          null,
          null,
          null,
          null,
          null,
          1,
          3,
          3,
          4,
          2,
          null,
          2,
          1,
          null,
          null,
          null,
          null,
          null,
          1,
          2,
          null,
          2,
          4,
          2,
          null,
          null,
          null,
          1,
          null,
          1,
          8,
          null,
          null,
          null,
          1,
          7,
          null,
          null
        ],
        "branches": {
          "[:if, 0, 28, 6, 34, 9]": {
            "[:then, 1, 29, 8, 30, 74]": 2,
            "[:else, 2, 32, 8, 33, 84]": 2
          },
          "[:if, 3, 41, 6, 47, 9]": {
            "[:then, 4, 42, 8, 43, 69]": 2,
            "[:else, 5, 45, 8, 46, 84]": 1
          }
        }
      },
      "/Users/rahimitra/Downloads/studytransit/app/controllers/application_controller.rb": {
        "lines": [
          1,
          null,
          1,
          null
        ],
        "branches": {}
      },
      "/Users/rahimitra/Downloads/studytransit/app/controllers/spaces_controller.rb": {
        "lines": [
          1,
          1,
          null,
          null,
          1,
          1,
          null,
          null,
          null,
          1,
          null,
          null,
          null,
          1,
          1,
          null,
          null,
          null,
          1,
          null,
          null,
          null,
          1,
          4,
          null,
          4,
          4,
          4,
          2,
          null,
          4,
          2,
          null,
          null,
          null,
          null,
          null,
          1,
          5,
          5,
          4,
          2,
          null,
          null,
          null,
          null,
          3,
          3,
          null,
          3,
          3,
          3,
          null,
          null,
          3,
          null,
          null,
          null,
          null,
          null,
          1,
          2,
          null,
          2,
          4,
          2,
          null,
          null,
          null,
          1,
          null,
          1,
          9,
          null,
          null,
          null,
          1,
          9,
          null,
          null
        ],
        "branches": {
          "[:if, 0, 27, 6, 33, 9]": {
            "[:then, 1, 28, 8, 29, 72]": 2,
            "[:else, 2, 31, 8, 32, 82]": 2
          },
          "[:if, 3, 40, 6, 56, 9]": {
            "[:then, 4, 41, 8, 42, 67]": 2,
            "[:else, 5, 47, 8, 55, 82]": 3
          }
        }
      },
      "/Users/rahimitra/Downloads/studytransit/app/controllers/ratings_controller.rb": {
        "lines": [
          1,
          13,
          null,
          1,
          12,
          10,
          9,
          null,
          null,
          9,
          9,
          null,
          null,
          null,
          null,
          null,
          9,
          null,
          1,
          1,
          null,
          null,
          null,
          null,
          null,
          null,
          null,
          null,
          0,
          null,
          null,
          null,
          8,
          8,
          6,
          null,
          null,
          null,
          null,
          null,
          null,
          null,
          null,
          2,
          null,
          null,
          null,
          1,
          null,
          2,
          null,
          null,
          1,
          null,
          1,
          null,
          5,
          null,
          null,
          null,
          5,
          5,
          null,
          5,
          null,
          5,
          null,
          5,
          null,
          null,
          null,
          null,
          null,
          null,
          null,
          null,
          5,
          null,
          null
        ],
        "branches": {
          "[:if, 0, 19, 6, 30, 9]": {
            "[:then, 1, 20, 8, 27, 22]": 1,
            "[:else, 2, 29, 8, 29, 118]": 0
          },
          "[:if, 3, 34, 6, 45, 9]": {
            "[:then, 4, 35, 8, 42, 27]": 6,
            "[:else, 5, 44, 8, 44, 109]": 2
          },
          "[:if, 6, 17, 4, 46, 7]": {
            "[:then, 7, 19, 6, 30, 9]": 1,
            "[:else, 8, 33, 6, 45, 9]": 8
          },
          "[:if, 9, 57, 4, 57, 57]": {
            "[:then, 10, 57, 4, 57, 34]": 0,
            "[:else, 11, 57, 4, 57, 57]": 5
          },
          "[:unless, 12, 64, 4, 75, 7]": {
            "[:else, 13, 64, 4, 75, 7]": 0,
            "[:then, 14, 66, 6, 74, 7]": 5
          }
        }
      },
      "/Users/rahimitra/Downloads/studytransit/app/controllers/focus_sessions_controller.rb": {
        "lines": [
          0,
          0,
          0,
          0,
          0,
          0,
          0
        ],
        "branches": {}
      },
      "/Users/rahimitra/Downloads/studytransit/app/jobs/application_job.rb": {
        "lines": [
          0,
          null,
          null,
          null,
          null,
          null,
          0
        ],
        "branches": {}
      },
      "/Users/rahimitra/Downloads/studytransit/app/mailers/application_mailer.rb": {
        "lines": [
          0,
          0,
          0,
          0
        ],
        "branches": {}
      }
    },
    "timestamp": 1762993829
  },
  "Cucumber": {
    "coverage": {
      "/Users/rahimitra/Downloads/studytransit/app/models/library.rb": {
        "lines": [
          1,
          1,
          1,
          1,
          null
        ],
        "branches": {}
      },
      "/Users/rahimitra/Downloads/studytransit/app/models/application_record.rb": {
        "lines": [
          1,
          1,
          null
        ],
        "branches": {}
      },
      "/Users/rahimitra/Downloads/studytransit/app/models/space.rb": {
        "lines": [
          1,
          1,
          1,
          1,
          1,
          null,
          46,
          1,
          null,
          null,
          null,
          null,
          null,
          null,
          null,
          null,
          null,
          null,
          1,
          45,
          45,
          null,
          45,
          null,
          null,
          null,
          3,
          null,
          null,
          null,
          null,
          null,
          null,
          null,
          null,
          null,
          1,
          6,
          6,
          null,
          6,
          null,
          null,
          null,
          null,
          null,
          6,
          null,
          0,
          null,
          null,
          null,
          null,
          null,
          null,
          null,
          1,
          45,
          45,
          null,
          null,
          45,
          null,
          null,
          3,
          null,
          null,
          null,
          null,
          null,
          null,
          1,
          3,
          null,
          null,
          null,
          null,
          null,
          null,
          1,
          45,
          45,
          null,
          null,
          1,
          null,
          1,
          42,
          null,
          null,
          1,
          4,
          4,
          null,
          null,
          null
        ],
        "branches": {
          "[:\"&.\", 0, 23, 11, 23, 51]": {
            "[:then, 1, 23, 11, 23, 51]": 42,
            "[:else, 2, 23, 11, 23, 51]": 0
          },
          "[:unless, 3, 23, 4, 23, 80]": {
            "[:else, 4, 23, 4, 23, 80]": 3,
            "[:then, 5, 23, 4, 23, 51]": 42
          },
          "[:if, 6, 47, 4, 47, 42]": {
            "[:then, 7, 47, 4, 47, 14]": 6,
            "[:else, 8, 47, 4, 47, 42]": 0
          },
          "[:\"&.\", 9, 49, 4, 49, 47]": {
            "[:then, 10, 49, 4, 49, 47]": 0,
            "[:else, 11, 49, 4, 49, 47]": 0
          },
          "[:unless, 12, 62, 4, 62, 50]": {
            "[:else, 13, 62, 4, 62, 50]": 3,
            "[:then, 14, 62, 4, 62, 16]": 42
          },
          "[:\"&.\", 15, 73, 4, 73, 54]": {
            "[:then, 16, 73, 4, 73, 54]": 0,
            "[:else, 17, 73, 4, 73, 54]": 3
          },
          "[:\"&.\", 18, 82, 4, 82, 93]": {
            "[:then, 19, 82, 4, 82, 93]": 42,
            "[:else, 20, 82, 4, 82, 93]": 3
          },
          "[:if, 21, 88, 4, 88, 56]": {
            "[:then, 22, 88, 4, 88, 35]": 42,
            "[:else, 23, 88, 4, 88, 56]": 0
          },
          "[:if, 24, 92, 4, 94, 7]": {
            "[:then, 25, 93, 6, 93, 37]": 4,
            "[:else, 26, 92, 4, 94, 7]": 0
          }
        }
      },
      "/Users/rahimitra/Downloads/studytransit/app/models/rating.rb": {
        "lines": [
          1,
          1,
          1,
          null
        ],
        "branches": {}
      },
      "/Users/rahimitra/Downloads/studytransit/app/controllers/libraries_controller.rb": {
        "lines": [
          1,
          1,
          null,
          null,
          1,
          2,
          null,
          null,
          null,
          1,
          18,
          null,
          null,
          null,
          1,
          0,
          null,
          null,
          null,
          1,
          null,
          null,
          null,
          1,
          0,
          null,
          0,
          0,
          0,
          0,
          null,
          0,
          0,
          null,
          null,
          null,
          null,
          null,
          1,
          0,
          0,
          0,
          0,
          null,
          0,
          0,
          null,
          null,
          null,
          null,
          null,
          1,
          0,
          null,
          0,
          0,
          0,
          null,
          null,
          null,
          1,
          null,
          1,
          18,
          null,
          null,
          null,
          1,
          0,
          null,
          null
        ],
        "branches": {
          "[:if, 0, 28, 6, 34, 9]": {
            "[:then, 1, 29, 8, 30, 74]": 0,
            "[:else, 2, 32, 8, 33, 84]": 0
          },
          "[:if, 3, 41, 6, 47, 9]": {
            "[:then, 4, 42, 8, 43, 69]": 0,
            "[:else, 5, 45, 8, 46, 84]": 0
          }
        }
      },
      "/Users/rahimitra/Downloads/studytransit/app/controllers/application_controller.rb": {
        "lines": [
          1,
          null,
          1,
          null
        ],
        "branches": {}
      },
      "/Users/rahimitra/Downloads/studytransit/app/helpers/application_helper.rb": {
        "lines": [
          1,
          null
        ],
        "branches": {}
      },
      "/Users/rahimitra/Downloads/studytransit/app/helpers/libraries_helper.rb": {
        "lines": [
          1,
          null
        ],
        "branches": {}
      },
      "/Users/rahimitra/Downloads/studytransit/app/helpers/spaces_helper.rb": {
        "lines": [
          1,
          null
        ],
        "branches": {}
      },
      "/Users/rahimitra/Downloads/studytransit/app/controllers/spaces_controller.rb": {
        "lines": [
          1,
          1,
          null,
          null,
          1,
          0,
          null,
          null,
          null,
          1,
          null,
          null,
          null,
          1,
          0,
          null,
          null,
          null,
          1,
          null,
          null,
          null,
          1,
          0,
          null,
          0,
          0,
          0,
          0,
          null,
          0,
          0,
          null,
          null,
          null,
          null,
          null,
          1,
          6,
          6,
          8,
          4,
          null,
          null,
          null,
          null,
          2,
          2,
          null,
          2,
          2,
          2,
          null,
          null,
          2,
          null,
          null,
          null,
          null,
          null,
          1,
          0,
          null,
          0,
          0,
          0,
          null,
          null,
          null,
          1,
          null,
          1,
          6,
          null,
          null,
          null,
          1,
          6,
          null,
          null
        ],
        "branches": {
          "[:if, 0, 27, 6, 33, 9]": {
            "[:then, 1, 28, 8, 29, 72]": 0,
            "[:else, 2, 31, 8, 32, 82]": 0
          },
          "[:if, 3, 40, 6, 56, 9]": {
            "[:then, 4, 41, 8, 42, 67]": 4,
            "[:else, 5, 47, 8, 55, 82]": 2
          }
        }
      },
      "/Users/rahimitra/Downloads/studytransit/app/controllers/focus_sessions_controller.rb": {
        "lines": [
          0,
          0,
          0,
          0,
          0,
          0,
          0
        ],
        "branches": {}
      },
      "/Users/rahimitra/Downloads/studytransit/app/controllers/ratings_controller.rb": {
        "lines": [
          0,
          0,
          null,
          0,
          0,
          0,
          0,
          null,
          null,
          0,
          0,
          0,
          0,
          0,
          0,
          null,
          0,
          null,
          0,
          0,
          0,
          0,
          0,
          0,
          0,
          0,
          0,
          0,
          0,
          0,
          0,
          null,
          0,
          0,
          0,
          0,
          0,
          0,
          0,
          0,
          0,
          0,
          0,
          0,
          0,
          0,
          0,
          0,
          0,
          0,
          0,
          null,
          0,
          null,
          0,
          null,
          0,
          null,
          null,
          null,
          0,
          0,
          null,
          0,
          null,
          0,
          null,
          0,
          0,
          0,
          0,
          0,
          0,
          0,
          0,
          null,
          0,
          0,
          0
        ],
        "branches": {}
      },
      "/Users/rahimitra/Downloads/studytransit/app/jobs/application_job.rb": {
        "lines": [
          0,
          null,
          null,
          null,
          null,
          null,
          0
        ],
        "branches": {}
      },
      "/Users/rahimitra/Downloads/studytransit/app/mailers/application_mailer.rb": {
        "lines": [
          0,
          0,
          0,
          0
        ],
        "branches": {}
      }
    },
    "timestamp": 1762993875
  }
}
